TN:
SF:src/modules/addresses/services/CreateAddressService.ts
FN:27,CreateAddressService
FN:34,execute
FNF:2
FNH:2
FNDA:12,CreateAddressService
FNDA:12,execute
DA:1,1
DA:2,1
DA:3,1
DA:4,1
DA:5,1
DA:6,1
DA:7,1
DA:8,1
DA:9,1
DA:10,1
DA:11,1
DA:12,1
DA:13,1
DA:14,1
DA:15,1
DA:16,1
DA:17,1
DA:18,1
DA:19,1
DA:20,1
DA:21,1
DA:22,1
DA:23,1
DA:24,1
DA:25,1
DA:26,1
DA:27,1
DA:28,12
DA:29,12
DA:30,12
DA:31,12
DA:32,12
DA:33,1
DA:34,1
DA:35,12
DA:36,12
DA:37,12
DA:38,12
DA:39,12
DA:40,12
DA:41,1
DA:42,1
DA:43,11
DA:44,11
DA:45,11
DA:46,11
DA:47,11
DA:48,11
DA:49,11
DA:50,11
DA:51,11
DA:52,12
DA:53,1
DA:54,1
DA:55,10
DA:56,10
DA:57,10
DA:58,12
DA:59,0
DA:60,0
DA:61,10
DA:62,10
DA:63,10
DA:64,10
DA:65,10
DA:66,10
DA:67,10
DA:68,0
DA:69,1
DA:70,1
DA:71,1
LF:71
LH:68
BRDA:27,0,0,12
BRDA:34,1,0,12
BRDA:40,2,0,1
BRDA:43,3,0,11
BRDA:52,4,0,10
BRDA:52,5,0,1
BRDA:58,6,0,0
BRDA:61,7,0,10
BRDA:68,8,0,0
BRDA:47,9,0,22
BRDA:51,10,0,22
BRDA:57,11,0,20
BRF:12
BRH:10
end_of_record
TN:
SF:src/modules/addresses/services/DeleteAddressByIdService.ts
FN:8,DeleteAddressByIdService
FN:13,execute
FNF:2
FNH:2
FNDA:3,DeleteAddressByIdService
FNDA:3,execute
DA:1,1
DA:2,1
DA:3,1
DA:4,1
DA:5,1
DA:6,1
DA:7,1
DA:8,1
DA:9,3
DA:10,3
DA:11,3
DA:12,1
DA:13,1
DA:14,3
DA:15,3
DA:16,3
DA:17,1
DA:18,1
DA:19,2
DA:20,3
DA:21,1
DA:22,1
DA:23,1
DA:24,1
DA:25,1
DA:26,1
DA:27,1
DA:28,1
LF:28
LH:28
BRDA:8,0,0,3
BRDA:13,1,0,3
BRDA:16,2,0,1
BRDA:19,3,0,2
BRDA:20,4,0,1
BRF:5
BRH:5
end_of_record
TN:
SF:src/modules/addresses/services/FindAddressByIdService.ts
FN:9,FindAddressByIdService
FN:14,execute
FNF:2
FNH:2
FNDA:2,FindAddressByIdService
FNDA:2,execute
DA:1,1
DA:2,1
DA:3,1
DA:4,1
DA:5,1
DA:6,1
DA:7,1
DA:8,1
DA:9,1
DA:10,2
DA:11,2
DA:12,2
DA:13,1
DA:14,1
DA:15,2
DA:16,2
DA:17,2
DA:18,1
DA:19,1
DA:20,1
DA:21,1
DA:22,0
DA:23,1
DA:24,1
DA:25,1
LF:25
LH:24
BRDA:9,0,0,2
BRDA:14,1,0,2
BRDA:17,2,0,1
BRDA:22,3,0,0
BRF:4
BRH:3
end_of_record
TN:
SF:src/modules/addresses/services/FindAllAddressesService.ts
FN:7,FindAllAddressesService
FN:12,execute
FNF:2
FNH:2
FNDA:1,FindAllAddressesService
FNDA:1,execute
DA:1,1
DA:2,1
DA:3,1
DA:4,1
DA:5,1
DA:6,1
DA:7,1
DA:8,1
DA:9,1
DA:10,1
DA:11,1
DA:12,1
DA:13,1
DA:14,1
DA:15,1
DA:16,0
DA:17,1
DA:18,1
DA:19,1
LF:19
LH:18
BRDA:7,0,0,1
BRDA:12,1,0,1
BRDA:16,2,0,0
BRF:3
BRH:2
end_of_record
TN:
SF:src/modules/addresses/services/UpdateAddressesService.ts
FN:13,UpdateAddressesService
FN:18,execute
FNF:2
FNH:2
FNDA:3,UpdateAddressesService
FNDA:3,execute
DA:1,1
DA:2,1
DA:3,1
DA:4,1
DA:5,1
DA:6,1
DA:7,1
DA:8,1
DA:9,1
DA:10,1
DA:11,1
DA:12,1
DA:13,1
DA:14,3
DA:15,3
DA:16,3
DA:17,1
DA:18,1
DA:19,3
DA:20,3
DA:21,3
DA:22,3
DA:23,3
DA:24,3
DA:25,3
DA:26,1
DA:27,1
DA:28,2
DA:29,2
DA:30,2
DA:31,3
DA:32,1
DA:33,1
DA:34,1
DA:35,1
DA:36,1
DA:37,1
DA:38,0
DA:39,1
DA:40,1
DA:41,1
LF:41
LH:40
BRDA:13,0,0,3
BRDA:18,1,0,3
BRDA:25,2,0,1
BRDA:28,3,0,2
BRDA:31,4,0,1
BRDA:38,5,0,0
BRDA:20,6,0,6
BRDA:24,7,0,6
BRDA:30,8,0,4
BRF:9
BRH:8
end_of_record
TN:
SF:src/modules/clients/services/CreateClientService.ts
FN:15,CreateClientService
FN:20,execute
FNF:2
FNH:2
FNDA:17,CreateClientService
FNDA:21,execute
DA:1,1
DA:2,1
DA:3,1
DA:4,1
DA:5,1
DA:6,1
DA:7,1
DA:8,1
DA:9,1
DA:10,1
DA:11,1
DA:12,1
DA:13,1
DA:14,1
DA:15,1
DA:16,17
DA:17,17
DA:18,17
DA:19,1
DA:20,1
DA:21,21
DA:22,21
DA:23,21
DA:24,21
DA:25,21
DA:26,21
DA:27,21
DA:28,21
DA:29,1
DA:30,1
DA:31,20
DA:32,20
DA:33,20
DA:34,20
DA:35,20
DA:36,20
DA:37,20
DA:38,20
DA:39,20
DA:40,0
DA:41,1
DA:42,1
DA:43,1
LF:43
LH:42
BRDA:15,0,0,17
BRDA:20,1,0,21
BRDA:28,2,0,1
BRDA:31,3,0,20
BRDA:40,4,0,0
BRF:5
BRH:4
end_of_record
TN:
SF:src/modules/clients/services/DeleteClientByIdService.ts
FN:8,DeleteClientByIdService
FN:13,execute
FNF:2
FNH:2
FNDA:2,DeleteClientByIdService
FNDA:2,execute
DA:1,1
DA:2,1
DA:3,1
DA:4,1
DA:5,1
DA:6,1
DA:7,1
DA:8,1
DA:9,2
DA:10,2
DA:11,2
DA:12,1
DA:13,1
DA:14,2
DA:15,2
DA:16,2
DA:17,1
DA:18,1
DA:19,1
DA:20,1
DA:21,1
DA:22,1
DA:23,1
DA:24,1
LF:24
LH:24
BRDA:8,0,0,2
BRDA:13,1,0,2
BRDA:16,2,0,1
BRF:3
BRH:3
end_of_record
TN:
SF:src/modules/clients/services/FindAllClientsService.ts
FN:7,FindAllClientsService
FN:12,execute
FNF:2
FNH:2
FNDA:1,FindAllClientsService
FNDA:1,execute
DA:1,1
DA:2,1
DA:3,1
DA:4,1
DA:5,1
DA:6,1
DA:7,1
DA:8,1
DA:9,1
DA:10,1
DA:11,1
DA:12,1
DA:13,1
DA:14,1
DA:15,1
DA:16,0
DA:17,1
DA:18,1
DA:19,1
LF:19
LH:18
BRDA:7,0,0,1
BRDA:12,1,0,1
BRDA:16,2,0,0
BRF:3
BRH:2
end_of_record
TN:
SF:src/modules/clients/services/FindClientsWithPaginationService.ts
FN:12,FindClientsWithPaginationService
FN:17,execute
FNF:2
FNH:2
FNDA:1,FindClientsWithPaginationService
FNDA:1,execute
DA:1,1
DA:2,1
DA:3,1
DA:4,1
DA:5,1
DA:6,1
DA:7,1
DA:8,1
DA:9,1
DA:10,1
DA:11,1
DA:12,1
DA:13,1
DA:14,1
DA:15,1
DA:16,1
DA:17,1
DA:18,1
DA:19,1
DA:20,1
DA:21,1
DA:22,1
DA:23,1
DA:24,0
DA:25,1
DA:26,1
DA:27,1
LF:27
LH:26
BRDA:12,0,0,1
BRDA:17,1,0,1
BRDA:24,2,0,0
BRF:3
BRH:2
end_of_record
TN:
SF:src/modules/clients/services/UpdateClientService.ts
FN:17,UpdateClientService
FN:22,execute
FNF:2
FNH:2
FNDA:2,UpdateClientService
FNDA:2,execute
DA:1,1
DA:2,1
DA:3,1
DA:4,1
DA:5,1
DA:6,1
DA:7,1
DA:8,1
DA:9,1
DA:10,1
DA:11,1
DA:12,1
DA:13,1
DA:14,1
DA:15,1
DA:16,1
DA:17,1
DA:18,2
DA:19,2
DA:20,2
DA:21,1
DA:22,1
DA:23,2
DA:24,2
DA:25,2
DA:26,2
DA:27,2
DA:28,2
DA:29,2
DA:30,2
DA:31,2
DA:32,1
DA:33,1
DA:34,1
DA:35,1
DA:36,1
DA:37,1
DA:38,1
DA:39,1
DA:40,1
DA:41,1
DA:42,1
DA:43,1
DA:44,1
DA:45,1
DA:46,0
DA:47,1
DA:48,1
DA:49,1
LF:49
LH:48
BRDA:17,0,0,2
BRDA:22,1,0,2
BRDA:31,2,0,1
BRDA:46,3,0,0
BRF:4
BRH:3
end_of_record
TN:
SF:src/modules/managers/services/AuthenticateManagerService.ts
FN:1,(empty-report)
FNF:1
FNH:0
FNDA:0,(empty-report)
DA:1,0
DA:2,0
DA:3,0
DA:4,0
DA:5,0
DA:6,0
DA:7,0
DA:8,0
DA:9,0
DA:10,0
DA:11,0
DA:12,0
DA:13,0
DA:14,0
DA:15,0
DA:16,0
DA:17,0
DA:18,0
DA:19,0
DA:20,0
DA:21,0
DA:22,0
DA:23,0
DA:24,0
DA:25,0
DA:26,0
DA:27,0
DA:28,0
DA:29,0
DA:30,0
DA:31,0
DA:32,0
DA:33,0
DA:34,0
DA:35,0
DA:36,0
DA:37,0
DA:38,0
DA:39,0
DA:40,0
DA:41,0
DA:42,0
DA:43,0
DA:44,0
DA:45,0
DA:46,0
DA:47,0
DA:48,0
DA:49,0
DA:50,0
DA:51,0
DA:52,0
DA:53,0
DA:54,0
LF:54
LH:0
BRDA:1,0,0,0
BRF:1
BRH:0
end_of_record
TN:
SF:src/modules/managers/services/CreateManagerService.ts
FN:1,(empty-report)
FNF:1
FNH:0
FNDA:0,(empty-report)
DA:1,0
DA:2,0
DA:3,0
DA:4,0
DA:5,0
DA:6,0
DA:7,0
DA:8,0
DA:9,0
DA:10,0
DA:11,0
DA:12,0
DA:13,0
DA:14,0
DA:15,0
DA:16,0
DA:17,0
DA:18,0
DA:19,0
DA:20,0
DA:21,0
DA:22,0
DA:23,0
DA:24,0
DA:25,0
DA:26,0
DA:27,0
DA:28,0
DA:29,0
DA:30,0
DA:31,0
DA:32,0
DA:33,0
DA:34,0
DA:35,0
DA:36,0
DA:37,0
DA:38,0
DA:39,0
LF:39
LH:0
BRDA:1,0,0,0
BRF:1
BRH:0
end_of_record
TN:
SF:src/modules/managers/services/DeleteManagerByIdService.ts
FN:1,(empty-report)
FNF:1
FNH:0
FNDA:0,(empty-report)
DA:1,0
DA:2,0
DA:3,0
DA:4,0
DA:5,0
DA:6,0
DA:7,0
DA:8,0
DA:9,0
DA:10,0
DA:11,0
DA:12,0
DA:13,0
DA:14,0
DA:15,0
DA:16,0
DA:17,0
DA:18,0
DA:19,0
DA:20,0
DA:21,0
DA:22,0
DA:23,0
DA:24,0
LF:24
LH:0
BRDA:1,0,0,0
BRF:1
BRH:0
end_of_record
TN:
SF:src/modules/managers/services/FindAllManagersService.ts
FN:1,(empty-report)
FNF:1
FNH:0
FNDA:0,(empty-report)
DA:1,0
DA:2,0
DA:3,0
DA:4,0
DA:5,0
DA:6,0
DA:7,0
DA:8,0
DA:9,0
DA:10,0
DA:11,0
DA:12,0
DA:13,0
DA:14,0
DA:15,0
DA:16,0
DA:17,0
DA:18,0
DA:19,0
DA:20,0
LF:20
LH:0
BRDA:1,0,0,0
BRF:1
BRH:0
end_of_record
TN:
SF:src/modules/managers/services/UpdateManagersService.ts
FN:1,(empty-report)
FNF:1
FNH:0
FNDA:0,(empty-report)
DA:1,0
DA:2,0
DA:3,0
DA:4,0
DA:5,0
DA:6,0
DA:7,0
DA:8,0
DA:9,0
DA:10,0
DA:11,0
DA:12,0
DA:13,0
DA:14,0
DA:15,0
DA:16,0
DA:17,0
DA:18,0
DA:19,0
DA:20,0
DA:21,0
DA:22,0
DA:23,0
DA:24,0
DA:25,0
DA:26,0
DA:27,0
DA:28,0
DA:29,0
DA:30,0
DA:31,0
DA:32,0
DA:33,0
DA:34,0
DA:35,0
DA:36,0
DA:37,0
DA:38,0
DA:39,0
DA:40,0
DA:41,0
DA:42,0
DA:43,0
DA:44,0
DA:45,0
DA:46,0
DA:47,0
DA:48,0
LF:48
LH:0
BRDA:1,0,0,0
BRF:1
BRH:0
end_of_record
